2025-01-29T15:25:50.120+02:00  INFO 30943 --- [main] org.example.Main                         : Starting Main using Java 17.0.10 with PID 30943 (/Users/sirius/Downloads/FileController/target/classes started by sirius in /Users/sirius/Downloads/FileController)
2025-01-29T15:25:50.123+02:00  INFO 30943 --- [main] org.example.Main                         : No active profile set, falling back to 1 default profile: "default"
2025-01-29T15:25:50.365+02:00  WARN 30943 --- [main] ConfigServletWebServerApplicationContext : Exception encountered during context initialization - cancelling refresh attempt: org.springframework.context.ApplicationContextException: Unable to start web server
2025-01-29T15:25:50.369+02:00  INFO 30943 --- [main] .s.b.a.l.ConditionEvaluationReportLogger : 

Error starting ApplicationContext. To display the condition evaluation report re-run your application with 'debug' enabled.
2025-01-29T15:25:50.376+02:00 ERROR 30943 --- [main] o.s.b.d.LoggingFailureAnalysisReporter   : 

***************************
APPLICATION FAILED TO START
***************************

Description:

Failed to bind properties under 'server.tomcat.accept-count' to int:

    Property: server.tomcat.accept-count
    Value: "200                # ??????????? ????????? ??????? ? ?????"
    Origin: class path resource [application.properties] - 5:28
    Reason: failed to convert java.lang.String to int (caused by java.lang.NumberFormatException: For input string: "200#?????????????????????????????????")

Action:

Update your application's configuration

2025-01-29T15:26:29.074+02:00  INFO 30948 --- [main] org.example.Main                         : Starting Main using Java 17.0.10 with PID 30948 (/Users/sirius/Downloads/FileController/target/classes started by sirius in /Users/sirius/Downloads/FileController)
2025-01-29T15:26:29.075+02:00  INFO 30948 --- [main] org.example.Main                         : No active profile set, falling back to 1 default profile: "default"
2025-01-29T15:26:29.382+02:00  INFO 30948 --- [main] o.s.b.w.embedded.tomcat.TomcatWebServer  : Tomcat initialized with port 8020 (http)
2025-01-29T15:26:29.387+02:00  INFO 30948 --- [main] o.apache.catalina.core.StandardService   : Starting service [Tomcat]
2025-01-29T15:26:29.388+02:00  INFO 30948 --- [main] o.apache.catalina.core.StandardEngine    : Starting Servlet engine: [Apache Tomcat/10.1.24]
2025-01-29T15:26:29.405+02:00  INFO 30948 --- [main] o.a.c.c.C.[Tomcat].[localhost].[/]       : Initializing Spring embedded WebApplicationContext
2025-01-29T15:26:29.405+02:00  INFO 30948 --- [main] w.s.c.ServletWebServerApplicationContext : Root WebApplicationContext: initialization completed in 314 ms
2025-01-29T15:26:29.520+02:00  INFO 30948 --- [main] o.s.b.w.embedded.tomcat.TomcatWebServer  : Tomcat started on port 8020 (http) with context path '/'
2025-01-29T15:26:29.524+02:00  INFO 30948 --- [main] org.example.Main                         : Started Main in 0.607 seconds (process running for 0.834)
2025-01-29T15:27:02.921+02:00  INFO 30948 --- [http-nio-8020-exec-1] o.a.c.c.C.[Tomcat].[localhost].[/]       : Initializing Spring DispatcherServlet 'dispatcherServlet'
2025-01-29T15:27:02.922+02:00  INFO 30948 --- [http-nio-8020-exec-1] o.s.web.servlet.DispatcherServlet        : Initializing Servlet 'dispatcherServlet'
2025-01-29T15:27:02.922+02:00  INFO 30948 --- [http-nio-8020-exec-1] o.s.web.servlet.DispatcherServlet        : Completed initialization in 0 ms
2025-01-29T15:27:08.854+02:00  INFO 30948 --- [http-nio-8020-exec-1] org.example.FileController               : Upload start: enc-25ade7dc-97d4-4fd8-a030-57189472ea16.c7d4b107b4c3a1ab487bcbd8b8b7393f
2025-01-29T15:27:09.013+02:00  INFO 30948 --- [http-nio-8020-exec-1] org.example.FileController               : File uploaded successfully: enc-25ade7dc-97d4-4fd8-a030-57189472ea16.c7d4b107b4c3a1ab487bcbd8b8b7393f
2025-01-29T15:28:32.477+02:00 ERROR 30948 --- [http-nio-8020-exec-2] org.example.FileController               : Error during file download: ServletOutputStream failed to write: java.io.IOException: Broken pipe
2025-01-29T15:29:59.957+02:00 ERROR 30948 --- [http-nio-8020-exec-4] org.example.FileController               : Error during file download: ServletOutputStream failed to write: java.io.IOException: Broken pipe
2025-01-29T15:30:38.044+02:00 ERROR 30948 --- [http-nio-8020-exec-5] org.example.FileController               : Error during file download: ServletOutputStream failed to write: java.io.IOException: Broken pipe
2025-01-29T15:54:43.755+02:00 ERROR 30948 --- [http-nio-8020-exec-6] org.example.FileController               : Error during file download: ServletOutputStream failed to write: java.io.IOException: Broken pipe
2025-01-29T15:59:51.081+02:00 ERROR 30948 --- [http-nio-8020-exec-7] org.example.FileController               : Error during file download: ServletOutputStream failed to write: java.io.IOException: Broken pipe
2025-01-29T15:59:51.081+02:00 ERROR 30948 --- [http-nio-8020-exec-8] org.example.FileController               : Error during file download: ServletOutputStream failed to write: java.io.IOException: Broken pipe
2025-01-29T15:59:51.081+02:00 ERROR 30948 --- [http-nio-8020-exec-2] org.example.FileController               : Error during file download: ServletOutputStream failed to write: java.io.IOException: Broken pipe
2025-01-29T15:59:51.080+02:00 ERROR 30948 --- [http-nio-8020-exec-10] org.example.FileController               : Error during file download: ServletOutputStream failed to write: java.io.IOException: Connection reset by peer
2025-01-29T15:59:51.080+02:00 ERROR 30948 --- [http-nio-8020-exec-1] org.example.FileController               : Error during file download: ServletOutputStream failed to write: java.io.IOException: Broken pipe
2025-01-29T15:59:51.080+02:00 ERROR 30948 --- [http-nio-8020-exec-9] org.example.FileController               : Error during file download: ServletOutputStream failed to write: java.io.IOException: Broken pipe
2025-01-29T15:59:51.080+02:00 ERROR 30948 --- [http-nio-8020-exec-4] org.example.FileController               : Error during file download: ServletOutputStream failed to write: java.io.IOException: Broken pipe
2025-01-29T15:59:51.080+02:00 ERROR 30948 --- [http-nio-8020-exec-3] org.example.FileController               : Error during file download: ServletOutputStream failed to write: java.io.IOException: Broken pipe
2025-01-29T16:01:02.891+02:00  INFO 31188 --- [main] org.example.Main                         : Starting Main using Java 17.0.10 with PID 31188 (/Users/sirius/Downloads/FileController/target/classes started by sirius in /Users/sirius/Downloads/FileController)
2025-01-29T16:01:02.891+02:00  INFO 31188 --- [main] org.example.Main                         : No active profile set, falling back to 1 default profile: "default"
2025-01-29T16:01:03.208+02:00  INFO 31188 --- [main] o.s.b.w.embedded.tomcat.TomcatWebServer  : Tomcat initialized with port 8020 (http)
2025-01-29T16:01:03.213+02:00  INFO 31188 --- [main] o.apache.catalina.core.StandardService   : Starting service [Tomcat]
2025-01-29T16:01:03.213+02:00  INFO 31188 --- [main] o.apache.catalina.core.StandardEngine    : Starting Servlet engine: [Apache Tomcat/10.1.24]
2025-01-29T16:01:03.229+02:00  INFO 31188 --- [main] o.a.c.c.C.[Tomcat].[localhost].[/]       : Initializing Spring embedded WebApplicationContext
2025-01-29T16:01:03.229+02:00  INFO 31188 --- [main] w.s.c.ServletWebServerApplicationContext : Root WebApplicationContext: initialization completed in 320 ms
2025-01-29T16:01:03.347+02:00  INFO 31188 --- [main] o.s.b.w.embedded.tomcat.TomcatWebServer  : Tomcat started on port 8020 (http) with context path '/'
2025-01-29T16:01:03.351+02:00  INFO 31188 --- [main] org.example.Main                         : Started Main in 0.637 seconds (process running for 0.938)
2025-01-29T16:01:06.519+02:00  INFO 31188 --- [http-nio-8020-exec-1] o.a.c.c.C.[Tomcat].[localhost].[/]       : Initializing Spring DispatcherServlet 'dispatcherServlet'
2025-01-29T16:01:06.519+02:00  INFO 31188 --- [http-nio-8020-exec-1] o.s.web.servlet.DispatcherServlet        : Initializing Servlet 'dispatcherServlet'
2025-01-29T16:01:06.520+02:00  INFO 31188 --- [http-nio-8020-exec-1] o.s.web.servlet.DispatcherServlet        : Completed initialization in 1 ms
2025-01-29T16:01:36.088+02:00 ERROR 31188 --- [http-nio-8020-exec-4] org.example.FileController               : Error during file download: ServletOutputStream failed to write: java.io.IOException: Broken pipe
2025-01-29T16:01:36.089+02:00 ERROR 31188 --- [http-nio-8020-exec-2] org.example.FileController               : Error during file download: ServletOutputStream failed to write: java.io.IOException: Broken pipe
2025-01-29T16:01:36.088+02:00 ERROR 31188 --- [http-nio-8020-exec-3] org.example.FileController               : Error during file download: ServletOutputStream failed to write: java.io.IOException: Broken pipe
2025-01-29T16:01:36.117+02:00 ERROR 31188 --- [http-nio-8020-exec-1] org.example.FileController               : Error during file download: ServletOutputStream failed to write: java.io.IOException: Broken pipe
2025-01-29T16:02:54.784+02:00 ERROR 31188 --- [http-nio-8020-exec-5] org.example.FileController               : Error during file download: ServletOutputStream failed to write: java.io.IOException: Broken pipe
2025-01-29T16:05:27.903+02:00  INFO 31188 --- [http-nio-8020-exec-6] org.example.FileController               : File downloaded successfully: enc-25ade7dc-97d4-4fd8-a030-57189472ea16.c7d4b107b4c3a1ab487bcbd8b8b7393f (Size: 65586048 bytes)
2025-01-29T16:05:39.929+02:00  INFO 31188 --- [http-nio-8020-exec-7] org.example.FileController               : File downloaded successfully: enc-25ade7dc-97d4-4fd8-a030-57189472ea16.c7d4b107b4c3a1ab487bcbd8b8b7393f (Size: 65586048 bytes)
2025-01-29T16:08:09.450+02:00  INFO 31188 --- [http-nio-8020-exec-10] org.example.FileController               : Upload start: enc-85e5ec33-057a-4bee-b6eb-4b76de53a9dc.c7d4b107b4c3a1ab487bcbd8b8b7393f
2025-01-29T16:08:09.647+02:00  INFO 31188 --- [http-nio-8020-exec-10] org.example.FileController               : File uploaded successfully: enc-85e5ec33-057a-4bee-b6eb-4b76de53a9dc.c7d4b107b4c3a1ab487bcbd8b8b7393f
2025-01-29T16:08:30.182+02:00  INFO 31188 --- [http-nio-8020-exec-3] org.example.FileController               : Upload start: enc-c6d6b1f8-6206-4de2-b772-ba65db69a444.c7d4b107b4c3a1ab487bcbd8b8b7393f
2025-01-29T16:08:30.366+02:00  INFO 31188 --- [http-nio-8020-exec-3] org.example.FileController               : File uploaded successfully: enc-c6d6b1f8-6206-4de2-b772-ba65db69a444.c7d4b107b4c3a1ab487bcbd8b8b7393f
2025-01-29T16:09:26.716+02:00  WARN 31188 --- [http-nio-8020-exec-9] org.example.FileController               : File not found: enc-0e8e0e34-9629-4330-bf54-5a7a33e63c58.a53245baf93c988f1abc033cbcc8c25f
2025-01-29T16:10:18.636+02:00  INFO 31188 --- [http-nio-8020-exec-8] org.example.FileController               : Upload start: enc-0e8e0e34-9629-4330-bf54-5a7a33e63c58.a53245baf93c988f1abc033cbcc8c25f
2025-01-29T16:10:18.812+02:00  INFO 31188 --- [http-nio-8020-exec-8] org.example.FileController               : File uploaded successfully: enc-0e8e0e34-9629-4330-bf54-5a7a33e63c58.a53245baf93c988f1abc033cbcc8c25f
2025-01-29T16:10:47.542+02:00 ERROR 31188 --- [http-nio-8020-exec-5] org.example.FileController               : Error during file download: ServletOutputStream failed to write: java.net.SocketTimeoutException
2025-01-29T16:10:50.237+02:00 ERROR 31188 --- [http-nio-8020-exec-10] org.example.FileController               : Error during file download: ServletOutputStream failed to write: java.net.SocketTimeoutException
2025-01-29T16:12:50.522+02:00 ERROR 31188 --- [http-nio-8020-exec-12] org.example.FileController               : Error during file download: ServletOutputStream failed to write: java.io.IOException: Broken pipe
2025-01-29T16:12:50.523+02:00 ERROR 31188 --- [http-nio-8020-exec-1] org.example.FileController               : Error during file download: ServletOutputStream failed to write: java.io.IOException: Broken pipe
2025-01-29T16:12:50.522+02:00 ERROR 31188 --- [http-nio-8020-exec-24] org.example.FileController               : Error during file download: ServletOutputStream failed to write: java.io.IOException: Broken pipe
2025-01-29T16:12:50.522+02:00 ERROR 31188 --- [http-nio-8020-exec-31] org.example.FileController               : Error during file download: ServletOutputStream failed to write: java.io.IOException: Broken pipe
2025-01-29T16:12:50.522+02:00 ERROR 31188 --- [http-nio-8020-exec-7] org.example.FileController               : Error during file download: ServletOutputStream failed to write: java.io.IOException: Broken pipe
2025-01-29T16:12:50.522+02:00 ERROR 31188 --- [http-nio-8020-exec-11] org.example.FileController               : Error during file download: ServletOutputStream failed to write: java.io.IOException: Broken pipe
2025-01-29T16:12:50.522+02:00 ERROR 31188 --- [http-nio-8020-exec-3] org.example.FileController               : Error during file download: ServletOutputStream failed to write: java.io.IOException: Broken pipe
2025-01-29T16:12:50.522+02:00 ERROR 31188 --- [http-nio-8020-exec-32] org.example.FileController               : Error during file download: ServletOutputStream failed to write: java.io.IOException: Broken pipe
2025-01-29T16:12:50.522+02:00 ERROR 31188 --- [http-nio-8020-exec-28] org.example.FileController               : Error during file download: ServletOutputStream failed to write: java.io.IOException: Broken pipe
2025-01-29T16:12:50.522+02:00 ERROR 31188 --- [http-nio-8020-exec-19] org.example.FileController               : Error during file download: ServletOutputStream failed to write: java.io.IOException: Broken pipe
2025-01-29T16:12:50.522+02:00 ERROR 31188 --- [http-nio-8020-exec-23] org.example.FileController               : Error during file download: ServletOutputStream failed to write: java.io.IOException: Broken pipe
2025-01-29T16:12:50.522+02:00 ERROR 31188 --- [http-nio-8020-exec-34] org.example.FileController               : Error during file download: ServletOutputStream failed to write: java.io.IOException: Broken pipe
2025-01-29T16:12:50.528+02:00 ERROR 31188 --- [http-nio-8020-exec-26] org.example.FileController               : Error during file download: ServletOutputStream failed to write: java.io.IOException: Broken pipe
2025-01-29T16:12:50.528+02:00 ERROR 31188 --- [http-nio-8020-exec-16] org.example.FileController               : Error during file download: ServletOutputStream failed to write: java.io.IOException: Broken pipe
2025-01-29T16:12:50.534+02:00 ERROR 31188 --- [http-nio-8020-exec-6] org.example.FileController               : Error during file download: ServletOutputStream failed to write: java.io.IOException: Broken pipe
2025-01-29T16:12:50.534+02:00 ERROR 31188 --- [http-nio-8020-exec-25] org.example.FileController               : Error during file download: ServletOutputStream failed to write: java.io.IOException: Broken pipe
2025-01-29T16:12:50.534+02:00 ERROR 31188 --- [http-nio-8020-exec-29] org.example.FileController               : Error during file download: ServletOutputStream failed to write: java.io.IOException: Broken pipe
2025-01-29T16:12:50.534+02:00 ERROR 31188 --- [http-nio-8020-exec-21] org.example.FileController               : Error during file download: ServletOutputStream failed to write: java.io.IOException: Broken pipe
2025-01-29T16:12:50.789+02:00 ERROR 31188 --- [http-nio-8020-exec-17] org.example.FileController               : Error during file download: ServletOutputStream failed to write: java.io.IOException: Broken pipe
2025-01-29T16:12:50.885+02:00 ERROR 31188 --- [http-nio-8020-exec-8] org.example.FileController               : Error during file download: ServletOutputStream failed to write: java.io.IOException: Broken pipe
2025-01-29T16:12:50.885+02:00 ERROR 31188 --- [http-nio-8020-exec-10] org.example.FileController               : Error during file download: ServletOutputStream failed to write: java.io.IOException: Broken pipe
2025-01-29T16:12:50.919+02:00 ERROR 31188 --- [http-nio-8020-exec-9] org.example.FileController               : Error during file download: ServletOutputStream failed to write: java.io.IOException: Broken pipe
2025-01-29T16:12:50.922+02:00 ERROR 31188 --- [http-nio-8020-exec-20] org.example.FileController               : Error during file download: ServletOutputStream failed to write: java.io.IOException: Broken pipe
2025-01-29T16:12:50.942+02:00 ERROR 31188 --- [http-nio-8020-exec-14] org.example.FileController               : Error during file download: ServletOutputStream failed to write: java.io.IOException: Broken pipe
2025-01-29T16:12:50.942+02:00 ERROR 31188 --- [http-nio-8020-exec-4] org.example.FileController               : Error during file download: ServletOutputStream failed to write: java.io.IOException: Broken pipe
2025-01-29T16:12:50.981+02:00 ERROR 31188 --- [http-nio-8020-exec-5] org.example.FileController               : Error during file download: ServletOutputStream failed to write: java.io.IOException: Broken pipe
2025-01-29T16:12:50.981+02:00 ERROR 31188 --- [http-nio-8020-exec-27] org.example.FileController               : Error during file download: ServletOutputStream failed to write: java.io.IOException: Broken pipe
2025-01-29T16:12:50.981+02:00 ERROR 31188 --- [http-nio-8020-exec-22] org.example.FileController               : Error during file download: ServletOutputStream failed to write: java.io.IOException: Broken pipe
2025-01-29T16:12:50.981+02:00 ERROR 31188 --- [http-nio-8020-exec-2] org.example.FileController               : Error during file download: ServletOutputStream failed to write: java.io.IOException: Broken pipe
2025-01-29T16:12:50.992+02:00 ERROR 31188 --- [http-nio-8020-exec-33] org.example.FileController               : Error during file download: ServletOutputStream failed to write: java.io.IOException: Broken pipe
2025-01-29T16:12:50.992+02:00 ERROR 31188 --- [http-nio-8020-exec-13] org.example.FileController               : Error during file download: ServletOutputStream failed to write: java.io.IOException: Broken pipe
2025-01-29T16:12:51.022+02:00 ERROR 31188 --- [http-nio-8020-exec-15] org.example.FileController               : Error during file download: ServletOutputStream failed to write: java.io.IOException: Broken pipe
2025-01-29T16:12:51.164+02:00 ERROR 31188 --- [http-nio-8020-exec-18] org.example.FileController               : Error during file download: ServletOutputStream failed to write: java.io.IOException: Broken pipe
2025-01-29T16:13:11.664+02:00  INFO 31188 --- [http-nio-8020-exec-30] org.example.FileController               : File downloaded successfully: enc-0e8e0e34-9629-4330-bf54-5a7a33e63c58.a53245baf93c988f1abc033cbcc8c25f (Size: 77382672 bytes)
2025-01-29T16:20:06.962+02:00 ERROR 31188 --- [http-nio-8020-exec-24] org.example.FileController               : Error during file download: ServletOutputStream failed to write: java.net.SocketTimeoutException
2025-01-29T16:20:06.993+02:00 ERROR 31188 --- [http-nio-8020-exec-32] org.example.FileController               : Error during file download: ServletOutputStream failed to write: java.net.SocketTimeoutException
2025-01-29T16:20:07.212+02:00 ERROR 31188 --- [http-nio-8020-exec-7] org.example.FileController               : Error during file download: ServletOutputStream failed to write: java.net.SocketTimeoutException
2025-01-29T16:20:07.370+02:00 ERROR 31188 --- [http-nio-8020-exec-27] org.example.FileController               : Error during file download: ServletOutputStream failed to write: java.net.SocketTimeoutException
2025-01-29T16:20:07.380+02:00 ERROR 31188 --- [http-nio-8020-exec-25] org.example.FileController               : Error during file download: ServletOutputStream failed to write: java.net.SocketTimeoutException
2025-01-29T16:20:07.463+02:00 ERROR 31188 --- [http-nio-8020-exec-39] org.example.FileController               : Error during file download: ServletOutputStream failed to write: java.net.SocketTimeoutException
2025-01-29T16:20:07.618+02:00 ERROR 31188 --- [http-nio-8020-exec-29] org.example.FileController               : Error during file download: ServletOutputStream failed to write: java.net.SocketTimeoutException
2025-01-29T16:20:07.618+02:00 ERROR 31188 --- [http-nio-8020-exec-28] org.example.FileController               : Error during file download: ServletOutputStream failed to write: java.net.SocketTimeoutException
2025-01-29T16:20:07.690+02:00 ERROR 31188 --- [http-nio-8020-exec-40] org.example.FileController               : Error during file download: ServletOutputStream failed to write: java.net.SocketTimeoutException
2025-01-29T16:20:07.690+02:00 ERROR 31188 --- [http-nio-8020-exec-12] org.example.FileController               : Error during file download: ServletOutputStream failed to write: java.net.SocketTimeoutException
2025-01-29T16:20:07.690+02:00 ERROR 31188 --- [http-nio-8020-exec-8] org.example.FileController               : Error during file download: ServletOutputStream failed to write: java.net.SocketTimeoutException
2025-01-29T16:20:07.690+02:00 ERROR 31188 --- [http-nio-8020-exec-23] org.example.FileController               : Error during file download: ServletOutputStream failed to write: java.net.SocketTimeoutException
2025-01-29T16:20:07.751+02:00 ERROR 31188 --- [http-nio-8020-exec-11] org.example.FileController               : Error during file download: ServletOutputStream failed to write: java.net.SocketTimeoutException
2025-01-29T16:20:07.751+02:00 ERROR 31188 --- [http-nio-8020-exec-21] org.example.FileController               : Error during file download: ServletOutputStream failed to write: java.net.SocketTimeoutException
2025-01-29T16:20:07.792+02:00 ERROR 31188 --- [http-nio-8020-exec-16] org.example.FileController               : Error during file download: ServletOutputStream failed to write: java.net.SocketTimeoutException
2025-01-29T16:20:07.792+02:00 ERROR 31188 --- [http-nio-8020-exec-10] org.example.FileController               : Error during file download: ServletOutputStream failed to write: java.net.SocketTimeoutException
2025-01-29T16:20:07.792+02:00 ERROR 31188 --- [http-nio-8020-exec-4] org.example.FileController               : Error during file download: ServletOutputStream failed to write: java.net.SocketTimeoutException
2025-01-29T16:20:07.880+02:00 ERROR 31188 --- [http-nio-8020-exec-17] org.example.FileController               : Error during file download: ServletOutputStream failed to write: java.net.SocketTimeoutException
2025-01-29T16:20:07.880+02:00 ERROR 31188 --- [http-nio-8020-exec-1] org.example.FileController               : Error during file download: ServletOutputStream failed to write: java.net.SocketTimeoutException
2025-01-29T16:20:07.882+02:00 ERROR 31188 --- [http-nio-8020-exec-22] org.example.FileController               : Error during file download: ServletOutputStream failed to write: java.net.SocketTimeoutException
2025-01-29T16:20:07.882+02:00 ERROR 31188 --- [http-nio-8020-exec-2] org.example.FileController               : Error during file download: ServletOutputStream failed to write: java.net.SocketTimeoutException
2025-01-29T16:20:07.883+02:00 ERROR 31188 --- [http-nio-8020-exec-19] org.example.FileController               : Error during file download: ServletOutputStream failed to write: java.net.SocketTimeoutException
2025-01-29T16:20:07.886+02:00 ERROR 31188 --- [http-nio-8020-exec-14] org.example.FileController               : Error during file download: ServletOutputStream failed to write: java.net.SocketTimeoutException
2025-01-29T16:20:07.886+02:00 ERROR 31188 --- [http-nio-8020-exec-38] org.example.FileController               : Error during file download: ServletOutputStream failed to write: java.net.SocketTimeoutException
2025-01-29T16:20:07.894+02:00 ERROR 31188 --- [http-nio-8020-exec-3] org.example.FileController               : Error during file download: ServletOutputStream failed to write: java.net.SocketTimeoutException
2025-01-29T16:20:07.969+02:00 ERROR 31188 --- [http-nio-8020-exec-20] org.example.FileController               : Error during file download: ServletOutputStream failed to write: java.net.SocketTimeoutException
2025-01-29T16:20:07.969+02:00 ERROR 31188 --- [http-nio-8020-exec-26] org.example.FileController               : Error during file download: ServletOutputStream failed to write: java.net.SocketTimeoutException
2025-01-29T16:20:07.969+02:00 ERROR 31188 --- [http-nio-8020-exec-35] org.example.FileController               : Error during file download: ServletOutputStream failed to write: java.net.SocketTimeoutException
2025-01-29T16:20:07.969+02:00 ERROR 31188 --- [http-nio-8020-exec-34] org.example.FileController               : Error during file download: ServletOutputStream failed to write: java.net.SocketTimeoutException
2025-01-29T16:20:07.969+02:00 ERROR 31188 --- [http-nio-8020-exec-13] org.example.FileController               : Error during file download: ServletOutputStream failed to write: java.net.SocketTimeoutException
2025-01-29T16:20:07.969+02:00 ERROR 31188 --- [http-nio-8020-exec-31] org.example.FileController               : Error during file download: ServletOutputStream failed to write: java.net.SocketTimeoutException
2025-01-29T16:20:07.969+02:00 ERROR 31188 --- [http-nio-8020-exec-37] org.example.FileController               : Error during file download: ServletOutputStream failed to write: java.net.SocketTimeoutException
2025-01-29T16:20:07.969+02:00 ERROR 31188 --- [http-nio-8020-exec-9] org.example.FileController               : Error during file download: ServletOutputStream failed to write: java.net.SocketTimeoutException
2025-01-29T16:20:08.056+02:00 ERROR 31188 --- [http-nio-8020-exec-6] org.example.FileController               : Error during file download: ServletOutputStream failed to write: java.net.SocketTimeoutException
2025-01-29T16:20:08.172+02:00 ERROR 31188 --- [http-nio-8020-exec-5] org.example.FileController               : Error during file download: ServletOutputStream failed to write: java.net.SocketTimeoutException
2025-01-29T16:28:21.675+02:00 ERROR 31188 --- [http-nio-8020-exec-36] org.example.FileController               : Error during file download: ServletOutputStream failed to write: java.net.SocketTimeoutException
2025-01-29T16:28:31.166+02:00  INFO 31406 --- [main] org.example.Main                         : Starting Main using Java 17.0.10 with PID 31406 (/Users/sirius/Downloads/FileController/target/classes started by sirius in /Users/sirius/Downloads/FileController)
2025-01-29T16:28:31.167+02:00  INFO 31406 --- [main] org.example.Main                         : No active profile set, falling back to 1 default profile: "default"
2025-01-29T16:28:31.509+02:00  INFO 31406 --- [main] o.s.b.w.embedded.tomcat.TomcatWebServer  : Tomcat initialized with port 8020 (http)
2025-01-29T16:28:31.514+02:00  INFO 31406 --- [main] o.apache.catalina.core.StandardService   : Starting service [Tomcat]
2025-01-29T16:28:31.514+02:00  INFO 31406 --- [main] o.apache.catalina.core.StandardEngine    : Starting Servlet engine: [Apache Tomcat/10.1.24]
2025-01-29T16:28:31.530+02:00  INFO 31406 --- [main] o.a.c.c.C.[Tomcat].[localhost].[/]       : Initializing Spring embedded WebApplicationContext
2025-01-29T16:28:31.530+02:00  INFO 31406 --- [main] w.s.c.ServletWebServerApplicationContext : Root WebApplicationContext: initialization completed in 343 ms
2025-01-29T16:28:31.678+02:00  INFO 31406 --- [main] o.s.b.w.embedded.tomcat.TomcatWebServer  : Tomcat started on port 8020 (http) with context path '/'
2025-01-29T16:28:31.682+02:00  INFO 31406 --- [main] org.example.Main                         : Started Main in 0.68 seconds (process running for 0.936)
2025-01-29T16:28:37.038+02:00  INFO 31406 --- [http-nio-8020-exec-1] o.a.c.c.C.[Tomcat].[localhost].[/]       : Initializing Spring DispatcherServlet 'dispatcherServlet'
2025-01-29T16:28:37.038+02:00  INFO 31406 --- [http-nio-8020-exec-1] o.s.web.servlet.DispatcherServlet        : Initializing Servlet 'dispatcherServlet'
2025-01-29T16:28:37.039+02:00  INFO 31406 --- [http-nio-8020-exec-1] o.s.web.servlet.DispatcherServlet        : Completed initialization in 0 ms
